Protection Options for Software: PatternManager (Input File: PatternManager.exe)
----------------------------------------

Macros Information
------------------
VM Macros: 0
CodeReplace Macros: 0
ENCRYPT Macros: 0
CLEAR Macros: 0
CHECK_PROTECTION Macros: 0
CHECK_CODE_INTEGRITY Macros: 0
CHECK_REGISTRATION Macros: 0
CHECK_VIRTUAL_PC Macros: 0


Protection Options
------------------
Anti-Debugger: Advanced
Anti-Dumpers: DISABLED
Entry Point Obfuscation: ENABLED
Resource Encryption: ENABLED
VMWare compatible: ENABLED
API-Wrapping Level: Level 1
Anti-Patching: None
Metamorph Security: ENABLED
Memory Guard: ENABLED
When Debugger Found: Display Message
Application compression: ENABLED
Resources compression: ENABLED
SecureEngine compression: ENABLED
Anti-File Monitor: DISABLED
Anti-Registry Monitor: DISABLED
Delphi/BCB form protection: ENABLED
Ring-0 Protection: DISABLED


Virtual Machine Settings
------------------------
Number of Virtual APIs wrapped: 0
API Virtualization Level: 3
Entry Point Virtualization: 15 instructions
Multi Branch Technology: DISABLED
Virtual Machine Processor: Mutable RISC-64 processor
Number of CPUs: 1
Opcode Type: Metamorphic - Level 2
Dynamic Opcode: 20% Dynamic


Registration Settings
---------------------
Signature Level: Level 2
With Single file: regkey.dat

Only Hardware locked keys: ENABLED
Only Temporary keys: DISABLED
Only runs when registered: ENABLED
Clear Trial when registered: DISABLED


Advanced Protection Options
---------------------------
Encrypt Application: ENABLED
DLL plugin: DISABLED
Export Generators: ENABLED
Keep Trial Running: DISABLED
Hide from PE scanners: Standard
.NET assemblies: ENABLED
Active Context: DISABLED
Custom Event: 
Add Manifest: Don't add manifest
Launch Application: 


XBundler files
--------------
No files to bundle
